[35m[Appium][39m Welcome to Appium v1.22.3
[35m[Appium][39m Non-default server args:
[35m[Appium][39m   port: 64375
[35m[Appium][39m   loglevel: info
[35m[Appium][39m   tmpDir: /var/folders/45/995gl0z10xvdcmw7fn91dpvc0000gq/T//Katalon/Appium/Temp1688735456948
[35m[Appium][39m   chromedriverPort: 64380
[35m[Appium][39m Deprecated server args:
[35m[Appium][39m   [31m--chromedriver-port[39m => --default-capabilities
[35m[Appium][39m Default capabilities, which will be added to each request unless overridden by desired capabilities:
[35m[Appium][39m   chromedriverPort: 64380
[35m[Appium][39m Appium REST http interface listener started on 0.0.0.0:64375
[35m[HTTP][39m [37m-->[39m [37mGET[39m [37m/wd/hub/status[39m
[35m[HTTP][39m [90m{}[39m
[35m[HTTP][39m [37m<-- GET /wd/hub/status [39m[32m200[39m [90m12 ms - 68[39m
[35m[HTTP][39m [90m[39m
[35m[HTTP][39m [37m-->[39m [37mGET[39m [37m/wd/hub/status[39m
[35m[HTTP][39m [90m{}[39m
[35m[HTTP][39m [37m<-- GET /wd/hub/status [39m[32m200[39m [90m2 ms - 68[39m
[35m[HTTP][39m [90m[39m
[35m[HTTP][39m [37m-->[39m [37mPOST[39m [37m/wd/hub/session[39m
[35m[HTTP][39m [90m{"desiredCapabilities":{"app":"/Users/fndiaye/Katalon Studio/My_Store_BrowserStack_Mobile/androidapp/Occazio.apk","noReset":true,"deviceId":"","deviceName":"emulator-5554 (sdk_gphone_x86 - Android 11)","fullReset":false,"platform":"ANDROID","newCommandTimeout":1800,"platformVersion":"11","automationName":"uiautomator2","autoGrantPermissions":true,"platformName":"Android","udid":"emulator-5554","systemPort":64398},"capabilities":{"firstMatch":[{"appium:app":"/Users/fndiaye/Katalon Studio/My_Store_BrowserStack_Mobile/androidapp/Occazio.apk","appium:autoGrantPermissions":true,"appium:automationName":"uiautomator2","deviceId":"","appium:deviceName":"emulator-5554 (sdk_gphone_x86 - Android 11)","appium:fullReset":false,"appium:newCommandTimeout":1800,"appium:noReset":true,"platform":"ANDROID","platformName":"android","appium:platformVersion":"11","appium:systemPort":64398,"appium:udid":"emulator-5554"}]}}[39m
[35m[BaseDriver][39m The following capabilities are not standard capabilities and should have an extension prefix:
[35m[BaseDriver][39m   deviceId
[35m[BaseDriver][39m   platform
[35m[BaseDriver][39m   chromedriverPort
[35m[Appium][39m Appium v1.22.3 creating new AndroidUiautomator2Driver (v1.70.1) session
[35m[BaseDriver][39m The following capabilities were provided, but are not recognized by Appium:
[35m[BaseDriver][39m   deviceId
[35m[BaseDriver][39m   platform
[35m[BaseDriver][39m Session created with session id: f85b2e1e-6b33-4c6d-8482-037db17fc7cd
[35m[BaseDriver][39m Using local app '/Users/fndiaye/Katalon Studio/My_Store_BrowserStack_Mobile/androidapp/Occazio.apk'
[35m[ADB][39m Found 1 'build-tools' folders under '/Users/fndiaye/.katalon/tools/android_sdk' (newest first):
[35m[ADB][39m     /Users/fndiaye/.katalon/tools/android_sdk/build-tools/29.0.3
[35m[ADB][39m Using 'adb' from '/Users/fndiaye/.katalon/tools/android_sdk/platform-tools/adb'
[35m[AndroidDriver][39m Retrieving device list
[35m[AndroidDriver][39m Using device: emulator-5554
[35m[ADB][39m Using 'adb' from '/Users/fndiaye/.katalon/tools/android_sdk/platform-tools/adb'
[35m[ADB][39m Getting device platform version
[35m[UiAutomator2][39m Relaxing hidden api policy
[35m[ADB][39m Package name: 'fr.dsquad.occazio'
[35m[ADB][39m Main activity name: 'fr.dsquad.occazio.view.home.SplashScreenActivity'
[35m[ADB][39m Using 'apksigner.jar' from '/Users/fndiaye/.katalon/tools/android_sdk/build-tools/29.0.3/lib/apksigner.jar'
[35m[ADB][39m '/usr/local/lib/node_modules/appium/node_modules/appium-uiautomator2-server/apks/appium-uiautomator2-server-v4.27.0.apk' is signed with the default certificate
[35m[ADB][39m '/usr/local/lib/node_modules/appium/node_modules/appium-uiautomator2-server/apks/appium-uiautomator2-server-debug-androidTest.apk' is signed with the default certificate
[35m[UiAutomator2][39m Server packages are not going to be (re)installed
[35m[ADB][39m Adding packages ["io.appium.settings","io.appium.uiautomator2.server","io.appium.uiautomator2.server.test"] to Doze whitelist
[35m[ADB][39m '/Users/fndiaye/Katalon Studio/My_Store_BrowserStack_Mobile/androidapp/Occazio.apk' is signed with a non-default certificate
[35m[ADB][39m The application at '/Users/fndiaye/Katalon Studio/My_Store_BrowserStack_Mobile/androidapp/Occazio.apk' will not be cached, because the device under test has confirmed the support of streamed installs
[35m[ADB][39m The installation of 'Occazio.apk' took 12228ms
[35m[UiAutomator2][39m Starting UIAutomator2 server 4.27.0
[35m[UiAutomator2][39m Using UIAutomator2 server from '/usr/local/lib/node_modules/appium/node_modules/appium-uiautomator2-server/apks/appium-uiautomator2-server-v4.27.0.apk' and test from '/usr/local/lib/node_modules/appium/node_modules/appium-uiautomator2-server/apks/appium-uiautomator2-server-debug-androidTest.apk'
[35m[UiAutomator2][39m Waiting up to 30000ms for UiAutomator2 to be online...
[35m[WD Proxy][39m socket hang up
[35m[WD Proxy][39m socket hang up
[35m[WD Proxy][39m socket hang up
[35m[WD Proxy][39m socket hang up
[35m[WD Proxy][39m socket hang up
[35m[WD Proxy][39m Determined the downstream protocol as 'W3C'
[35m[AndroidDriver][39m Screen already unlocked, doing nothing
[35m[UiAutomator2][39m Starting 'fr.dsquad.occazio/fr.dsquad.occazio.view.home.SplashScreenActivity and waiting for 'fr.dsquad.occazio/fr.dsquad.occazio.view.home.SplashScreenActivity'
[35m[Appium][39m New AndroidUiautomator2Driver session created successfully, session f85b2e1e-6b33-4c6d-8482-037db17fc7cd added to master session list
[35m[HTTP][39m [37m<-- POST /wd/hub/session [39m[32m200[39m [90m30888 ms - 1371[39m
[35m[HTTP][39m [90m[39m
[35m[HTTP][39m [37m-->[39m [37mGET[39m [37m/wd/hub/session/f85b2e1e-6b33-4c6d-8482-037db17fc7cd[39m
[35m[HTTP][39m [90m{}[39m
[35m[HTTP][39m [37m<-- GET /wd/hub/session/f85b2e1e-6b33-4c6d-8482-037db17fc7cd [39m[32m200[39m [90m42 ms - 1325[39m
[35m[HTTP][39m [90m[39m
[35m[HTTP][39m [37m-->[39m [37mGET[39m [37m/wd/hub/session/f85b2e1e-6b33-4c6d-8482-037db17fc7cd[39m
[35m[HTTP][39m [90m{}[39m
[35m[HTTP][39m [37m<-- GET /wd/hub/session/f85b2e1e-6b33-4c6d-8482-037db17fc7cd [39m[32m200[39m [90m207 ms - 1325[39m
[35m[HTTP][39m [90m[39m
[35m[HTTP][39m [37m-->[39m [37mGET[39m [37m/wd/hub/status[39m
[35m[HTTP][39m [90m{}[39m
[35m[HTTP][39m [37m<-- GET /wd/hub/status [39m[32m200[39m [90m6 ms - 68[39m
[35m[HTTP][39m [90m[39m
[35m[HTTP][39m [37m-->[39m [37mPOST[39m [37m/wd/hub/session/f85b2e1e-6b33-4c6d-8482-037db17fc7cd/timeouts[39m
[35m[HTTP][39m [90m{"implicit":60000}[39m
[35m[HTTP][39m [37m<-- POST /wd/hub/session/f85b2e1e-6b33-4c6d-8482-037db17fc7cd/timeouts [39m[32m200[39m [90m6 ms - 14[39m
[35m[HTTP][39m [90m[39m
[35m[HTTP][39m [37m-->[39m [37mGET[39m [37m/wd/hub/session/f85b2e1e-6b33-4c6d-8482-037db17fc7cd/source[39m
[35m[HTTP][39m [90m{}[39m
[35m[W3C (f85b2e1e)][39m Driver proxy active, passing request on via HTTP proxy
[35m[WD Proxy][39m Replacing sessionId 38395e08-38ed-416e-9b28-ba12eadb205b with f85b2e1e-6b33-4c6d-8482-037db17fc7cd
[35m[HTTP][39m [37m<-- GET /wd/hub/session/f85b2e1e-6b33-4c6d-8482-037db17fc7cd/source [39m[32m200[39m [90m649 ms - 4160[39m
[35m[HTTP][39m [90m[39m
[35m[HTTP][39m [37m-->[39m [37mGET[39m [37m/wd/hub/session/f85b2e1e-6b33-4c6d-8482-037db17fc7cd/screenshot[39m
[35m[HTTP][39m [90m{}[39m
[35m[HTTP][39m [37m<-- GET /wd/hub/session/f85b2e1e-6b33-4c6d-8482-037db17fc7cd/screenshot [39m[32m200[39m [90m3515 ms - 1677760[39m
[35m[HTTP][39m [90m[39m
[35m[HTTP][39m [37m-->[39m [37mGET[39m [37m/wd/hub/session/f85b2e1e-6b33-4c6d-8482-037db17fc7cd/source[39m
[35m[HTTP][39m [90m{}[39m
[35m[W3C (f85b2e1e)][39m Driver proxy active, passing request on via HTTP proxy
[35m[WD Proxy][39m Replacing sessionId 38395e08-38ed-416e-9b28-ba12eadb205b with f85b2e1e-6b33-4c6d-8482-037db17fc7cd
[35m[HTTP][39m [37m<-- GET /wd/hub/session/f85b2e1e-6b33-4c6d-8482-037db17fc7cd/source [39m[32m200[39m [90m102 ms - 6798[39m
[35m[HTTP][39m [90m[39m
[35m[HTTP][39m [37m-->[39m [37mGET[39m [37m/wd/hub/session/f85b2e1e-6b33-4c6d-8482-037db17fc7cd/screenshot[39m
[35m[HTTP][39m [90m{}[39m
[35m[HTTP][39m [37m<-- GET /wd/hub/session/f85b2e1e-6b33-4c6d-8482-037db17fc7cd/screenshot [39m[32m200[39m [90m582 ms - 143956[39m
[35m[HTTP][39m [90m[39m
[35m[HTTP][39m [37m-->[39m [37mPOST[39m [37m/wd/hub/session/f85b2e1e-6b33-4c6d-8482-037db17fc7cd/elements[39m
[35m[HTTP][39m [90m{"using":"xpath","value":"//*[@class = 'android.widget.Button' and (@text = 'DÉMARRER' or . = 'DÉMARRER') and @resource-id = 'fr.dsquad.occazio:id/bt_start_showcase']"}[39m
[35m[HTTP][39m [37m<-- POST /wd/hub/session/f85b2e1e-6b33-4c6d-8482-037db17fc7cd/elements [39m[32m200[39m [90m806 ms - 139[39m
[35m[HTTP][39m [90m[39m
[35m[HTTP][39m [37m-->[39m [37mGET[39m [37m/wd/hub/session/f85b2e1e-6b33-4c6d-8482-037db17fc7cd/window/rect[39m
[35m[HTTP][39m [90m{}[39m
[35m[HTTP][39m [37m<-- GET /wd/hub/session/f85b2e1e-6b33-4c6d-8482-037db17fc7cd/window/rect [39m[32m200[39m [90m18 ms - 50[39m
[35m[HTTP][39m [90m[39m
[35m[HTTP][39m [37m-->[39m [37mPOST[39m [37m/wd/hub/session/f85b2e1e-6b33-4c6d-8482-037db17fc7cd/elements[39m
[35m[HTTP][39m [90m{"using":"xpath","value":"//*[@class = 'android.widget.Button' and (@text = 'DÉMARRER' or . = 'DÉMARRER') and @resource-id = 'fr.dsquad.occazio:id/bt_start_showcase']"}[39m
[35m[HTTP][39m [37m<-- POST /wd/hub/session/f85b2e1e-6b33-4c6d-8482-037db17fc7cd/elements [39m[32m200[39m [90m81 ms - 139[39m
[35m[HTTP][39m [90m[39m
[35m[HTTP][39m [37m-->[39m [37mGET[39m [37m/wd/hub/session/f85b2e1e-6b33-4c6d-8482-037db17fc7cd/element/00000000-0000-00c1-ffff-ffff00000051/location[39m
[35m[HTTP][39m [90m{}[39m
[35m[W3C (f85b2e1e)][39m Driver proxy active, passing request on via HTTP proxy
[35m[WD Proxy][39m Replacing sessionId 38395e08-38ed-416e-9b28-ba12eadb205b with f85b2e1e-6b33-4c6d-8482-037db17fc7cd
[35m[HTTP][39m [37m<-- GET /wd/hub/session/f85b2e1e-6b33-4c6d-8482-037db17fc7cd/element/00000000-0000-00c1-ffff-ffff00000051/location [39m[32m200[39m [90m19 ms - 78[39m
[35m[HTTP][39m [90m[39m
[35m[HTTP][39m [37m-->[39m [37mPOST[39m [37m/wd/hub/session/f85b2e1e-6b33-4c6d-8482-037db17fc7cd/element/00000000-0000-00c1-ffff-ffff00000051/click[39m
[35m[HTTP][39m [90m{"id":"00000000-0000-00c1-ffff-ffff00000051"}[39m
[35m[HTTP][39m [37m<-- POST /wd/hub/session/f85b2e1e-6b33-4c6d-8482-037db17fc7cd/element/00000000-0000-00c1-ffff-ffff00000051/click [39m[32m200[39m [90m137 ms - 14[39m
[35m[HTTP][39m [90m[39m
[35m[HTTP][39m [37m-->[39m [37mGET[39m [37m/wd/hub/session/f85b2e1e-6b33-4c6d-8482-037db17fc7cd/source[39m
[35m[HTTP][39m [90m{}[39m
[35m[W3C (f85b2e1e)][39m Driver proxy active, passing request on via HTTP proxy
[35m[WD Proxy][39m Replacing sessionId 38395e08-38ed-416e-9b28-ba12eadb205b with f85b2e1e-6b33-4c6d-8482-037db17fc7cd
[35m[HTTP][39m [37m<-- GET /wd/hub/session/f85b2e1e-6b33-4c6d-8482-037db17fc7cd/source [39m[32m200[39m [90m1004 ms - 8448[39m
[35m[HTTP][39m [90m[39m
[35m[HTTP][39m [37m-->[39m [37mGET[39m [37m/wd/hub/session/f85b2e1e-6b33-4c6d-8482-037db17fc7cd/screenshot[39m
[35m[HTTP][39m [90m{}[39m
[35m[HTTP][39m [37m<-- GET /wd/hub/session/f85b2e1e-6b33-4c6d-8482-037db17fc7cd/screenshot [39m[32m200[39m [90m1104 ms - 289948[39m
[35m[HTTP][39m [90m[39m
[35m[HTTP][39m [37m-->[39m [37mGET[39m [37m/wd/hub/session/f85b2e1e-6b33-4c6d-8482-037db17fc7cd/context[39m
[35m[HTTP][39m [90m{}[39m
[35m[HTTP][39m [37m<-- GET /wd/hub/session/f85b2e1e-6b33-4c6d-8482-037db17fc7cd/context [39m[32m200[39m [90m3 ms - 22[39m
[35m[HTTP][39m [90m[39m
[35m[HTTP][39m [37m-->[39m [37mGET[39m [37m/wd/hub/session/f85b2e1e-6b33-4c6d-8482-037db17fc7cd/contexts[39m
[35m[HTTP][39m [90m{}[39m
[35m[HTTP][39m [37m<-- GET /wd/hub/session/f85b2e1e-6b33-4c6d-8482-037db17fc7cd/contexts [39m[32m200[39m [90m105 ms - 24[39m
[35m[HTTP][39m [90m[39m
[35m[HTTP][39m [37m-->[39m [37mPOST[39m [37m/wd/hub/session/f85b2e1e-6b33-4c6d-8482-037db17fc7cd/context[39m
[35m[HTTP][39m [90m{"name":"NATIVE_APP"}[39m
[35m[HTTP][39m [37m<-- POST /wd/hub/session/f85b2e1e-6b33-4c6d-8482-037db17fc7cd/context [39m[32m200[39m [90m2 ms - 14[39m
[35m[HTTP][39m [90m[39m
[35m[HTTP][39m [37m-->[39m [37mPOST[39m [37m/wd/hub/session/f85b2e1e-6b33-4c6d-8482-037db17fc7cd/touch/perform[39m
[35m[HTTP][39m [90m{"actions":[{"action":"press","options":{"x":950,"y":950}},{"action":"wait","options":{"ms":500}},{"action":"moveTo","options":{"x":100,"y":950}},{"action":"release","options":{}}]}[39m
[35m[HTTP][39m [37m<-- POST /wd/hub/session/f85b2e1e-6b33-4c6d-8482-037db17fc7cd/touch/perform [39m[32m200[39m [90m1314 ms - 14[39m
[35m[HTTP][39m [90m[39m
[35m[HTTP][39m [37m-->[39m [37mPOST[39m [37m/wd/hub/session/f85b2e1e-6b33-4c6d-8482-037db17fc7cd/context[39m
[35m[HTTP][39m [90m{"name":"NATIVE_APP"}[39m
[35m[HTTP][39m [37m<-- POST /wd/hub/session/f85b2e1e-6b33-4c6d-8482-037db17fc7cd/context [39m[32m200[39m [90m2 ms - 14[39m
[35m[HTTP][39m [90m[39m
[35m[HTTP][39m [37m-->[39m [37mGET[39m [37m/wd/hub/session/f85b2e1e-6b33-4c6d-8482-037db17fc7cd/source[39m
[35m[HTTP][39m [90m{}[39m
[35m[W3C (f85b2e1e)][39m Driver proxy active, passing request on via HTTP proxy
[35m[WD Proxy][39m Replacing sessionId 38395e08-38ed-416e-9b28-ba12eadb205b with f85b2e1e-6b33-4c6d-8482-037db17fc7cd
[35m[HTTP][39m [37m<-- GET /wd/hub/session/f85b2e1e-6b33-4c6d-8482-037db17fc7cd/source [39m[32m200[39m [90m165 ms - 8428[39m
[35m[HTTP][39m [90m[39m
[35m[HTTP][39m [37m-->[39m [37mGET[39m [37m/wd/hub/session/f85b2e1e-6b33-4c6d-8482-037db17fc7cd/screenshot[39m
[35m[HTTP][39m [90m{}[39m
[35m[HTTP][39m [37m<-- GET /wd/hub/session/f85b2e1e-6b33-4c6d-8482-037db17fc7cd/screenshot [39m[32m200[39m [90m797 ms - 202826[39m
[35m[HTTP][39m [90m[39m
[35m[HTTP][39m [37m-->[39m [37mGET[39m [37m/wd/hub/session/f85b2e1e-6b33-4c6d-8482-037db17fc7cd/context[39m
[35m[HTTP][39m [90m{}[39m
[35m[HTTP][39m [37m<-- GET /wd/hub/session/f85b2e1e-6b33-4c6d-8482-037db17fc7cd/context [39m[32m200[39m [90m1 ms - 22[39m
[35m[HTTP][39m [90m[39m
[35m[HTTP][39m [37m-->[39m [37mGET[39m [37m/wd/hub/session/f85b2e1e-6b33-4c6d-8482-037db17fc7cd/contexts[39m
[35m[HTTP][39m [90m{}[39m
[35m[HTTP][39m [37m<-- GET /wd/hub/session/f85b2e1e-6b33-4c6d-8482-037db17fc7cd/contexts [39m[32m200[39m [90m94 ms - 24[39m
[35m[HTTP][39m [90m[39m
[35m[HTTP][39m [37m-->[39m [37mPOST[39m [37m/wd/hub/session/f85b2e1e-6b33-4c6d-8482-037db17fc7cd/context[39m
[35m[HTTP][39m [90m{"name":"NATIVE_APP"}[39m
[35m[HTTP][39m [37m<-- POST /wd/hub/session/f85b2e1e-6b33-4c6d-8482-037db17fc7cd/context [39m[32m200[39m [90m2 ms - 14[39m
[35m[HTTP][39m [90m[39m
[35m[HTTP][39m [37m-->[39m [37mPOST[39m [37m/wd/hub/session/f85b2e1e-6b33-4c6d-8482-037db17fc7cd/touch/perform[39m
[35m[HTTP][39m [90m{"actions":[{"action":"press","options":{"x":950,"y":950}},{"action":"wait","options":{"ms":500}},{"action":"moveTo","options":{"x":100,"y":950}},{"action":"release","options":{}}]}[39m
[35m[HTTP][39m [37m<-- POST /wd/hub/session/f85b2e1e-6b33-4c6d-8482-037db17fc7cd/touch/perform [39m[32m200[39m [90m1298 ms - 14[39m
[35m[HTTP][39m [90m[39m
[35m[HTTP][39m [37m-->[39m [37mPOST[39m [37m/wd/hub/session/f85b2e1e-6b33-4c6d-8482-037db17fc7cd/context[39m
[35m[HTTP][39m [90m{"name":"NATIVE_APP"}[39m
[35m[HTTP][39m [37m<-- POST /wd/hub/session/f85b2e1e-6b33-4c6d-8482-037db17fc7cd/context [39m[32m200[39m [90m2 ms - 14[39m
[35m[HTTP][39m [90m[39m
[35m[HTTP][39m [37m-->[39m [37mGET[39m [37m/wd/hub/session/f85b2e1e-6b33-4c6d-8482-037db17fc7cd/source[39m
[35m[HTTP][39m [90m{}[39m
[35m[W3C (f85b2e1e)][39m Driver proxy active, passing request on via HTTP proxy
[35m[WD Proxy][39m Replacing sessionId 38395e08-38ed-416e-9b28-ba12eadb205b with f85b2e1e-6b33-4c6d-8482-037db17fc7cd
[35m[HTTP][39m [37m<-- GET /wd/hub/session/f85b2e1e-6b33-4c6d-8482-037db17fc7cd/source [39m[32m200[39m [90m49 ms - 8438[39m
[35m[HTTP][39m [90m[39m
[35m[HTTP][39m [37m-->[39m [37mGET[39m [37m/wd/hub/session/f85b2e1e-6b33-4c6d-8482-037db17fc7cd/screenshot[39m
[35m[HTTP][39m [90m{}[39m
[35m[HTTP][39m [37m<-- GET /wd/hub/session/f85b2e1e-6b33-4c6d-8482-037db17fc7cd/screenshot [39m[32m200[39m [90m1100 ms - 274918[39m
[35m[HTTP][39m [90m[39m
[35m[HTTP][39m [37m-->[39m [37mGET[39m [37m/wd/hub/session/f85b2e1e-6b33-4c6d-8482-037db17fc7cd/context[39m
[35m[HTTP][39m [90m{}[39m
[35m[HTTP][39m [37m<-- GET /wd/hub/session/f85b2e1e-6b33-4c6d-8482-037db17fc7cd/context [39m[32m200[39m [90m1 ms - 22[39m
[35m[HTTP][39m [90m[39m
[35m[HTTP][39m [37m-->[39m [37mGET[39m [37m/wd/hub/session/f85b2e1e-6b33-4c6d-8482-037db17fc7cd/contexts[39m
[35m[HTTP][39m [90m{}[39m
[35m[HTTP][39m [37m<-- GET /wd/hub/session/f85b2e1e-6b33-4c6d-8482-037db17fc7cd/contexts [39m[32m200[39m [90m70 ms - 24[39m
[35m[HTTP][39m [90m[39m
[35m[HTTP][39m [37m-->[39m [37mPOST[39m [37m/wd/hub/session/f85b2e1e-6b33-4c6d-8482-037db17fc7cd/context[39m
[35m[HTTP][39m [90m{"name":"NATIVE_APP"}[39m
[35m[HTTP][39m [37m<-- POST /wd/hub/session/f85b2e1e-6b33-4c6d-8482-037db17fc7cd/context [39m[32m200[39m [90m1 ms - 14[39m
[35m[HTTP][39m [90m[39m
[35m[HTTP][39m [37m-->[39m [37mPOST[39m [37m/wd/hub/session/f85b2e1e-6b33-4c6d-8482-037db17fc7cd/touch/perform[39m
[35m[HTTP][39m [90m{"actions":[{"action":"press","options":{"x":950,"y":950}},{"action":"wait","options":{"ms":500}},{"action":"moveTo","options":{"x":100,"y":950}},{"action":"release","options":{}}]}[39m
[35m[HTTP][39m [37m<-- POST /wd/hub/session/f85b2e1e-6b33-4c6d-8482-037db17fc7cd/touch/perform [39m[32m200[39m [90m1196 ms - 14[39m
[35m[HTTP][39m [90m[39m
[35m[HTTP][39m [37m-->[39m [37mPOST[39m [37m/wd/hub/session/f85b2e1e-6b33-4c6d-8482-037db17fc7cd/context[39m
[35m[HTTP][39m [90m{"name":"NATIVE_APP"}[39m
[35m[HTTP][39m [37m<-- POST /wd/hub/session/f85b2e1e-6b33-4c6d-8482-037db17fc7cd/context [39m[32m200[39m [90m2 ms - 14[39m
[35m[HTTP][39m [90m[39m
[35m[HTTP][39m [37m-->[39m [37mGET[39m [37m/wd/hub/session/f85b2e1e-6b33-4c6d-8482-037db17fc7cd/source[39m
[35m[HTTP][39m [90m{}[39m
[35m[W3C (f85b2e1e)][39m Driver proxy active, passing request on via HTTP proxy
[35m[WD Proxy][39m Replacing sessionId 38395e08-38ed-416e-9b28-ba12eadb205b with f85b2e1e-6b33-4c6d-8482-037db17fc7cd
[35m[HTTP][39m [37m<-- GET /wd/hub/session/f85b2e1e-6b33-4c6d-8482-037db17fc7cd/source [39m[32m200[39m [90m49 ms - 8446[39m
[35m[HTTP][39m [90m[39m
[35m[HTTP][39m [37m-->[39m [37mGET[39m [37m/wd/hub/session/f85b2e1e-6b33-4c6d-8482-037db17fc7cd/screenshot[39m
[35m[HTTP][39m [90m{}[39m
[35m[HTTP][39m [37m<-- GET /wd/hub/session/f85b2e1e-6b33-4c6d-8482-037db17fc7cd/screenshot [39m[32m200[39m [90m600 ms - 240614[39m
[35m[HTTP][39m [90m[39m
[35m[HTTP][39m [37m-->[39m [37mGET[39m [37m/wd/hub/session/f85b2e1e-6b33-4c6d-8482-037db17fc7cd/context[39m
[35m[HTTP][39m [90m{}[39m
[35m[HTTP][39m [37m<-- GET /wd/hub/session/f85b2e1e-6b33-4c6d-8482-037db17fc7cd/context [39m[32m200[39m [90m1 ms - 22[39m
[35m[HTTP][39m [90m[39m
[35m[HTTP][39m [37m-->[39m [37mGET[39m [37m/wd/hub/session/f85b2e1e-6b33-4c6d-8482-037db17fc7cd/contexts[39m
[35m[HTTP][39m [90m{}[39m
[35m[HTTP][39m [37m<-- GET /wd/hub/session/f85b2e1e-6b33-4c6d-8482-037db17fc7cd/contexts [39m[32m200[39m [90m121 ms - 24[39m
[35m[HTTP][39m [90m[39m
[35m[HTTP][39m [37m-->[39m [37mPOST[39m [37m/wd/hub/session/f85b2e1e-6b33-4c6d-8482-037db17fc7cd/context[39m
[35m[HTTP][39m [90m{"name":"NATIVE_APP"}[39m
[35m[HTTP][39m [37m<-- POST /wd/hub/session/f85b2e1e-6b33-4c6d-8482-037db17fc7cd/context [39m[32m200[39m [90m1 ms - 14[39m
[35m[HTTP][39m [90m[39m
[35m[HTTP][39m [37m-->[39m [37mPOST[39m [37m/wd/hub/session/f85b2e1e-6b33-4c6d-8482-037db17fc7cd/touch/perform[39m
[35m[HTTP][39m [90m{"actions":[{"action":"press","options":{"x":950,"y":950}},{"action":"wait","options":{"ms":500}},{"action":"moveTo","options":{"x":100,"y":950}},{"action":"release","options":{}}]}[39m
[35m[HTTP][39m [37m<-- POST /wd/hub/session/f85b2e1e-6b33-4c6d-8482-037db17fc7cd/touch/perform [39m[32m200[39m [90m1241 ms - 14[39m
[35m[HTTP][39m [90m[39m
[35m[HTTP][39m [37m-->[39m [37mPOST[39m [37m/wd/hub/session/f85b2e1e-6b33-4c6d-8482-037db17fc7cd/context[39m
[35m[HTTP][39m [90m{"name":"NATIVE_APP"}[39m
[35m[HTTP][39m [37m<-- POST /wd/hub/session/f85b2e1e-6b33-4c6d-8482-037db17fc7cd/context [39m[32m200[39m [90m2 ms - 14[39m
[35m[HTTP][39m [90m[39m
[35m[HTTP][39m [37m-->[39m [37mGET[39m [37m/wd/hub/session/f85b2e1e-6b33-4c6d-8482-037db17fc7cd/source[39m
[35m[HTTP][39m [90m{}[39m
[35m[W3C (f85b2e1e)][39m Driver proxy active, passing request on via HTTP proxy
[35m[WD Proxy][39m Replacing sessionId 38395e08-38ed-416e-9b28-ba12eadb205b with f85b2e1e-6b33-4c6d-8482-037db17fc7cd
[35m[HTTP][39m [37m<-- GET /wd/hub/session/f85b2e1e-6b33-4c6d-8482-037db17fc7cd/source [39m[32m200[39m [90m80 ms - 12619[39m
[35m[HTTP][39m [90m[39m
[35m[HTTP][39m [37m-->[39m [37mGET[39m [37m/wd/hub/session/f85b2e1e-6b33-4c6d-8482-037db17fc7cd/screenshot[39m
[35m[HTTP][39m [90m{}[39m
[35m[HTTP][39m [37m<-- GET /wd/hub/session/f85b2e1e-6b33-4c6d-8482-037db17fc7cd/screenshot [39m[32m200[39m [90m770 ms - 266834[39m
[35m[HTTP][39m [90m[39m
[35m[HTTP][39m [37m-->[39m [37mPOST[39m [37m/wd/hub/session/f85b2e1e-6b33-4c6d-8482-037db17fc7cd/elements[39m
[35m[HTTP][39m [90m{"using":"xpath","value":"//*[@class = 'android.view.View' and @resource-id = 'fr.dsquad.occazio:id/v_seekbar_overlay' and (@text = '' or . = '')]"}[39m
[35m[HTTP][39m [37m<-- POST /wd/hub/session/f85b2e1e-6b33-4c6d-8482-037db17fc7cd/elements [39m[32m200[39m [90m146 ms - 139[39m
[35m[HTTP][39m [90m[39m
[35m[HTTP][39m [37m-->[39m [37mGET[39m [37m/wd/hub/session/f85b2e1e-6b33-4c6d-8482-037db17fc7cd/window/rect[39m
[35m[HTTP][39m [90m{}[39m
[35m[HTTP][39m [37m<-- GET /wd/hub/session/f85b2e1e-6b33-4c6d-8482-037db17fc7cd/window/rect [39m[32m200[39m [90m18 ms - 50[39m
[35m[HTTP][39m [90m[39m
[35m[HTTP][39m [37m-->[39m [37mPOST[39m [37m/wd/hub/session/f85b2e1e-6b33-4c6d-8482-037db17fc7cd/elements[39m
[35m[HTTP][39m [90m{"using":"xpath","value":"//*[@class = 'android.view.View' and @resource-id = 'fr.dsquad.occazio:id/v_seekbar_overlay' and (@text = '' or . = '')]"}[39m
[35m[HTTP][39m [37m<-- POST /wd/hub/session/f85b2e1e-6b33-4c6d-8482-037db17fc7cd/elements [39m[32m200[39m [90m105 ms - 139[39m
[35m[HTTP][39m [90m[39m
[35m[HTTP][39m [37m-->[39m [37mGET[39m [37m/wd/hub/session/f85b2e1e-6b33-4c6d-8482-037db17fc7cd/element/00000000-0000-00c1-ffff-ffff0000009e/location[39m
[35m[HTTP][39m [90m{}[39m
[35m[W3C (f85b2e1e)][39m Driver proxy active, passing request on via HTTP proxy
[35m[WD Proxy][39m Replacing sessionId 38395e08-38ed-416e-9b28-ba12eadb205b with f85b2e1e-6b33-4c6d-8482-037db17fc7cd
[35m[HTTP][39m [37m<-- GET /wd/hub/session/f85b2e1e-6b33-4c6d-8482-037db17fc7cd/element/00000000-0000-00c1-ffff-ffff0000009e/location [39m[32m200[39m [90m21 ms - 79[39m
[35m[HTTP][39m [90m[39m
[35m[HTTP][39m [37m-->[39m [37mPOST[39m [37m/wd/hub/session/f85b2e1e-6b33-4c6d-8482-037db17fc7cd/element/00000000-0000-00c1-ffff-ffff0000009e/click[39m
[35m[HTTP][39m [90m{"id":"00000000-0000-00c1-ffff-ffff0000009e"}[39m
[35m[HTTP][39m [37m<-- POST /wd/hub/session/f85b2e1e-6b33-4c6d-8482-037db17fc7cd/element/00000000-0000-00c1-ffff-ffff0000009e/click [39m[32m200[39m [90m648 ms - 14[39m
[35m[HTTP][39m [90m[39m
[35m[HTTP][39m [37m-->[39m [37mGET[39m [37m/wd/hub/session/f85b2e1e-6b33-4c6d-8482-037db17fc7cd/source[39m
[35m[HTTP][39m [90m{}[39m
[35m[W3C (f85b2e1e)][39m Driver proxy active, passing request on via HTTP proxy
[35m[WD Proxy][39m Replacing sessionId 38395e08-38ed-416e-9b28-ba12eadb205b with f85b2e1e-6b33-4c6d-8482-037db17fc7cd
[35m[HTTP][39m [37m<-- GET /wd/hub/session/f85b2e1e-6b33-4c6d-8482-037db17fc7cd/source [39m[32m200[39m [90m74 ms - 12619[39m
[35m[HTTP][39m [90m[39m
[35m[HTTP][39m [37m-->[39m [37mGET[39m [37m/wd/hub/session/f85b2e1e-6b33-4c6d-8482-037db17fc7cd/screenshot[39m
[35m[HTTP][39m [90m{}[39m
[35m[HTTP][39m [37m<-- GET /wd/hub/session/f85b2e1e-6b33-4c6d-8482-037db17fc7cd/screenshot [39m[32m200[39m [90m392 ms - 270054[39m
[35m[HTTP][39m [90m[39m
[35m[HTTP][39m [37m-->[39m [37mPOST[39m [37m/wd/hub/session/f85b2e1e-6b33-4c6d-8482-037db17fc7cd/elements[39m
[35m[HTTP][39m [90m{"using":"xpath","value":"//*[@class = 'android.widget.Button' and (@text = 'VALIDER' or . = 'VALIDER') and @resource-id = 'fr.dsquad.occazio:id/bt_stop_showcase']"}[39m
[35m[HTTP][39m [37m<-- POST /wd/hub/session/f85b2e1e-6b33-4c6d-8482-037db17fc7cd/elements [39m[32m200[39m [90m148 ms - 139[39m
[35m[HTTP][39m [90m[39m
[35m[HTTP][39m [37m-->[39m [37mGET[39m [37m/wd/hub/session/f85b2e1e-6b33-4c6d-8482-037db17fc7cd/window/rect[39m
[35m[HTTP][39m [90m{}[39m
[35m[HTTP][39m [37m<-- GET /wd/hub/session/f85b2e1e-6b33-4c6d-8482-037db17fc7cd/window/rect [39m[32m200[39m [90m11 ms - 50[39m
[35m[HTTP][39m [90m[39m
[35m[HTTP][39m [37m-->[39m [37mPOST[39m [37m/wd/hub/session/f85b2e1e-6b33-4c6d-8482-037db17fc7cd/elements[39m
[35m[HTTP][39m [90m{"using":"xpath","value":"//*[@class = 'android.widget.Button' and (@text = 'VALIDER' or . = 'VALIDER') and @resource-id = 'fr.dsquad.occazio:id/bt_stop_showcase']"}[39m
[35m[HTTP][39m [37m<-- POST /wd/hub/session/f85b2e1e-6b33-4c6d-8482-037db17fc7cd/elements [39m[32m200[39m [90m120 ms - 139[39m
[35m[HTTP][39m [90m[39m
[35m[HTTP][39m [37m-->[39m [37mGET[39m [37m/wd/hub/session/f85b2e1e-6b33-4c6d-8482-037db17fc7cd/element/00000000-0000-00c1-ffff-ffff000000a0/location[39m
[35m[HTTP][39m [90m{}[39m
[35m[W3C (f85b2e1e)][39m Driver proxy active, passing request on via HTTP proxy
[35m[WD Proxy][39m Replacing sessionId 38395e08-38ed-416e-9b28-ba12eadb205b with f85b2e1e-6b33-4c6d-8482-037db17fc7cd
[35m[HTTP][39m [37m<-- GET /wd/hub/session/f85b2e1e-6b33-4c6d-8482-037db17fc7cd/element/00000000-0000-00c1-ffff-ffff000000a0/location [39m[32m200[39m [90m18 ms - 79[39m
[35m[HTTP][39m [90m[39m
[35m[HTTP][39m [37m-->[39m [37mPOST[39m [37m/wd/hub/session/f85b2e1e-6b33-4c6d-8482-037db17fc7cd/element/00000000-0000-00c1-ffff-ffff000000a0/click[39m
[35m[HTTP][39m [90m{"id":"00000000-0000-00c1-ffff-ffff000000a0"}[39m
[35m[HTTP][39m [37m<-- POST /wd/hub/session/f85b2e1e-6b33-4c6d-8482-037db17fc7cd/element/00000000-0000-00c1-ffff-ffff000000a0/click [39m[32m200[39m [90m87 ms - 14[39m
[35m[HTTP][39m [90m[39m
[35m[HTTP][39m [37m-->[39m [37mGET[39m [37m/wd/hub/session/f85b2e1e-6b33-4c6d-8482-037db17fc7cd/source[39m
[35m[HTTP][39m [90m{}[39m
[35m[W3C (f85b2e1e)][39m Driver proxy active, passing request on via HTTP proxy
[35m[WD Proxy][39m Replacing sessionId 38395e08-38ed-416e-9b28-ba12eadb205b with f85b2e1e-6b33-4c6d-8482-037db17fc7cd
[35m[HTTP][39m [37m<-- GET /wd/hub/session/f85b2e1e-6b33-4c6d-8482-037db17fc7cd/source [39m[32m200[39m [90m926 ms - 10214[39m
[35m[HTTP][39m [90m[39m
[35m[HTTP][39m [37m-->[39m [37mGET[39m [37m/wd/hub/session/f85b2e1e-6b33-4c6d-8482-037db17fc7cd/screenshot[39m
[35m[HTTP][39m [90m{}[39m
[35m[HTTP][39m [37m<-- GET /wd/hub/session/f85b2e1e-6b33-4c6d-8482-037db17fc7cd/screenshot [39m[32m200[39m [90m1558 ms - 252178[39m
[35m[HTTP][39m [90m[39m
[35m[HTTP][39m [37m-->[39m [37mPOST[39m [37m/wd/hub/session/f85b2e1e-6b33-4c6d-8482-037db17fc7cd/elements[39m
[35m[HTTP][39m [90m{"using":"xpath","value":"//*[@class = 'android.view.View' and @resource-id = 'fr.dsquad.occazio:id/v_click_why_buy' and (@text = '' or . = '')]"}[39m
[35m[HTTP][39m [37m<-- POST /wd/hub/session/f85b2e1e-6b33-4c6d-8482-037db17fc7cd/elements [39m[32m200[39m [90m323 ms - 139[39m
[35m[HTTP][39m [90m[39m
[35m[HTTP][39m [37m-->[39m [37mGET[39m [37m/wd/hub/session/f85b2e1e-6b33-4c6d-8482-037db17fc7cd/window/rect[39m
[35m[HTTP][39m [90m{}[39m
[35m[HTTP][39m [37m<-- GET /wd/hub/session/f85b2e1e-6b33-4c6d-8482-037db17fc7cd/window/rect [39m[32m200[39m [90m23 ms - 50[39m
[35m[HTTP][39m [90m[39m
[35m[HTTP][39m [37m-->[39m [37mPOST[39m [37m/wd/hub/session/f85b2e1e-6b33-4c6d-8482-037db17fc7cd/elements[39m
[35m[HTTP][39m [90m{"using":"xpath","value":"//*[@class = 'android.view.View' and @resource-id = 'fr.dsquad.occazio:id/v_click_why_buy' and (@text = '' or . = '')]"}[39m
[35m[HTTP][39m [37m<-- POST /wd/hub/session/f85b2e1e-6b33-4c6d-8482-037db17fc7cd/elements [39m[32m200[39m [90m249 ms - 139[39m
[35m[HTTP][39m [90m[39m
[35m[HTTP][39m [37m-->[39m [37mGET[39m [37m/wd/hub/session/f85b2e1e-6b33-4c6d-8482-037db17fc7cd/element/00000000-0000-00c2-ffff-ffff000000c5/location[39m
[35m[HTTP][39m [90m{}[39m
[35m[W3C (f85b2e1e)][39m Driver proxy active, passing request on via HTTP proxy
[35m[WD Proxy][39m Replacing sessionId 38395e08-38ed-416e-9b28-ba12eadb205b with f85b2e1e-6b33-4c6d-8482-037db17fc7cd
[35m[HTTP][39m [37m<-- GET /wd/hub/session/f85b2e1e-6b33-4c6d-8482-037db17fc7cd/element/00000000-0000-00c2-ffff-ffff000000c5/location [39m[32m200[39m [90m42 ms - 77[39m
[35m[HTTP][39m [90m[39m
[35m[HTTP][39m [37m-->[39m [37mPOST[39m [37m/wd/hub/session/f85b2e1e-6b33-4c6d-8482-037db17fc7cd/element/00000000-0000-00c2-ffff-ffff000000c5/click[39m
[35m[HTTP][39m [90m{"id":"00000000-0000-00c2-ffff-ffff000000c5"}[39m
[35m[HTTP][39m [37m<-- POST /wd/hub/session/f85b2e1e-6b33-4c6d-8482-037db17fc7cd/element/00000000-0000-00c2-ffff-ffff000000c5/click [39m[32m200[39m [90m146 ms - 14[39m
[35m[HTTP][39m [90m[39m
[35m[HTTP][39m [37m-->[39m [37mGET[39m [37m/wd/hub/session/f85b2e1e-6b33-4c6d-8482-037db17fc7cd/source[39m
[35m[HTTP][39m [90m{}[39m
[35m[W3C (f85b2e1e)][39m Driver proxy active, passing request on via HTTP proxy
[35m[WD Proxy][39m Replacing sessionId 38395e08-38ed-416e-9b28-ba12eadb205b with f85b2e1e-6b33-4c6d-8482-037db17fc7cd
[35m[HTTP][39m [37m<-- GET /wd/hub/session/f85b2e1e-6b33-4c6d-8482-037db17fc7cd/source [39m[32m200[39m [90m209 ms - 28026[39m
[35m[HTTP][39m [90m[39m
[35m[HTTP][39m [37m-->[39m [37mGET[39m [37m/wd/hub/session/f85b2e1e-6b33-4c6d-8482-037db17fc7cd/screenshot[39m
[35m[HTTP][39m [90m{}[39m
[35m[HTTP][39m [37m<-- GET /wd/hub/session/f85b2e1e-6b33-4c6d-8482-037db17fc7cd/screenshot [39m[32m200[39m [90m1414 ms - 624998[39m
[35m[HTTP][39m [90m[39m
[35m[HTTP][39m [37m-->[39m [37mDELETE[39m [37m/wd/hub/session/f85b2e1e-6b33-4c6d-8482-037db17fc7cd[39m
[35m[HTTP][39m [90m{}[39m
[35m[Appium][39m Removing session f85b2e1e-6b33-4c6d-8482-037db17fc7cd from our master session list
[35m[UiAutomator2][39m Restoring hidden api policy to the device default configuration
[35m[HTTP][39m [37m<-- DELETE /wd/hub/session/f85b2e1e-6b33-4c6d-8482-037db17fc7cd [39m[32m200[39m [90m1464 ms - 14[39m
[35m[HTTP][39m [90m[39m
